2018-07-30 10:49:39.670  INFO 1584 --- [restartedMain] com.adcat.monitor.CatBackendApplication  : Starting CatBackendApplication on luosonglindeMacBook-Pro.local with PID 1584 (/Users/luosonglin/IdeaProjects/zhaopai/target/classes started by luosonglin in /Users/luosonglin/IdeaProjects/zhaopai)
2018-07-30 10:49:39.673  INFO 1584 --- [restartedMain] com.adcat.monitor.CatBackendApplication  : The following profiles are active: dev
2018-07-30 10:49:39.729  INFO 1584 --- [restartedMain] ConfigServletWebServerApplicationContext : Refreshing org.springframework.boot.web.servlet.context.AnnotationConfigServletWebServerApplicationContext@3e7a9598: startup date [Mon Jul 30 10:49:39 CST 2018]; root of context hierarchy
2018-07-30 10:49:41.020  INFO 1584 --- [restartedMain] trationDelegate$BeanPostProcessorChecker : Bean 'org.springframework.transaction.annotation.ProxyTransactionManagementConfiguration' of type [org.springframework.transaction.annotation.ProxyTransactionManagementConfiguration$$EnhancerBySpringCGLIB$$caa320a3] is not eligible for getting processed by all BeanPostProcessors (for example: not eligible for auto-proxying)
2018-07-30 10:49:41.546  INFO 1584 --- [restartedMain] o.s.b.w.embedded.tomcat.TomcatWebServer  : Tomcat initialized with port(s): 8080 (http)
2018-07-30 10:49:41.571  INFO 1584 --- [restartedMain] o.apache.catalina.core.StandardService   : Starting service [Tomcat]
2018-07-30 10:49:41.571  INFO 1584 --- [restartedMain] org.apache.catalina.core.StandardEngine  : Starting Servlet Engine: Apache Tomcat/8.5.31
2018-07-30 10:49:41.574  INFO 1584 --- [localhost-startStop-1] o.a.catalina.core.AprLifecycleListener   : The APR based Apache Tomcat Native library which allows optimal performance in production environments was not found on the java.library.path: [/Users/luosonglin/Library/Java/Extensions:/Library/Java/Extensions:/Network/Library/Java/Extensions:/System/Library/Java/Extensions:/usr/lib/java:.]
2018-07-30 10:49:41.646  INFO 1584 --- [localhost-startStop-1] o.a.c.c.C.[Tomcat].[localhost].[/]       : Initializing Spring embedded WebApplicationContext
2018-07-30 10:49:41.646  INFO 1584 --- [localhost-startStop-1] o.s.web.context.ContextLoader            : Root WebApplicationContext: initialization completed in 1917 ms
2018-07-30 10:49:41.783  INFO 1584 --- [localhost-startStop-1] o.s.b.w.servlet.ServletRegistrationBean  : Servlet dispatcherServlet mapped to [/]
2018-07-30 10:49:41.786  INFO 1584 --- [localhost-startStop-1] o.s.b.w.servlet.FilterRegistrationBean   : Mapping filter: 'characterEncodingFilter' to: [/*]
2018-07-30 10:49:41.787  INFO 1584 --- [localhost-startStop-1] o.s.b.w.servlet.FilterRegistrationBean   : Mapping filter: 'hiddenHttpMethodFilter' to: [/*]
2018-07-30 10:49:41.787  INFO 1584 --- [localhost-startStop-1] o.s.b.w.servlet.FilterRegistrationBean   : Mapping filter: 'httpPutFormContentFilter' to: [/*]
2018-07-30 10:49:41.787  INFO 1584 --- [localhost-startStop-1] o.s.b.w.servlet.FilterRegistrationBean   : Mapping filter: 'requestContextFilter' to: [/*]
2018-07-30 10:49:42.542  INFO 1584 --- [restartedMain] s.w.s.m.m.a.RequestMappingHandlerMapping : Mapped "{[/banner],methods=[GET]}" onto public com.adcat.monitor.domain.Banner com.adcat.monitor.web.BannerController.getBanner() throws java.lang.Exception
2018-07-30 10:49:42.544  INFO 1584 --- [restartedMain] s.w.s.m.m.a.RequestMappingHandlerMapping : Mapped "{[/]}" onto public java.lang.String com.adcat.monitor.web.HelloController.index(org.springframework.ui.ModelMap)
2018-07-30 10:49:42.545  INFO 1584 --- [restartedMain] s.w.s.m.m.a.RequestMappingHandlerMapping : Mapped "{[/hello]}" onto public java.lang.String com.adcat.monitor.web.HelloController.hello()
2018-07-30 10:49:42.545  INFO 1584 --- [restartedMain] s.w.s.m.m.a.RequestMappingHandlerMapping : Mapped "{[/json2]}" onto public java.lang.String com.adcat.monitor.web.HelloController.json2() throws com.adcat.monitor.exception.JsonException
2018-07-30 10:49:42.545  INFO 1584 --- [restartedMain] s.w.s.m.m.a.RequestMappingHandlerMapping : Mapped "{[/json]}" onto public java.lang.String com.adcat.monitor.web.HelloController.json() throws java.lang.Exception
2018-07-30 10:49:42.546  INFO 1584 --- [restartedMain] s.w.s.m.m.a.RequestMappingHandlerMapping : Mapped "{[/media],methods=[GET]}" onto public java.util.List<com.adcat.monitor.domain.Media> com.adcat.monitor.web.MediaController.getAllMedia() throws java.lang.Exception
2018-07-30 10:49:42.547  INFO 1584 --- [restartedMain] s.w.s.m.m.a.RequestMappingHandlerMapping : Mapped "{[/media/{id}],methods=[GET]}" onto public com.adcat.monitor.domain.Media com.adcat.monitor.web.MediaController.getDetail(long) throws java.lang.Exception
2018-07-30 10:49:42.551  INFO 1584 --- [restartedMain] s.w.s.m.m.a.RequestMappingHandlerMapping : Mapped "{[/v1/user/{id}],methods=[PUT]}" onto public com.adcat.monitor.domain.User com.adcat.monitor.web.UserController.update(com.adcat.monitor.domain.User) throws java.lang.Exception
2018-07-30 10:49:42.551  INFO 1584 --- [restartedMain] s.w.s.m.m.a.RequestMappingHandlerMapping : Mapped "{[/v1/user/{id}],methods=[GET]}" onto public com.adcat.monitor.domain.User com.adcat.monitor.web.UserController.getUser(java.lang.Long) throws java.lang.Exception
2018-07-30 10:49:42.552  INFO 1584 --- [restartedMain] s.w.s.m.m.a.RequestMappingHandlerMapping : Mapped "{[/v1/user],methods=[POST]}" onto public com.adcat.monitor.domain.User com.adcat.monitor.web.UserController.login(java.lang.String,java.lang.String,int) throws java.lang.Exception
2018-07-30 10:49:42.553  INFO 1584 --- [restartedMain] s.w.s.m.m.a.RequestMappingHandlerMapping : Mapped "{[/users/{id}],methods=[GET]}" onto public com.adcat.monitor.domain.UserTest com.adcat.monitor.web.UserControllerTest.getUser(java.lang.Long)
2018-07-30 10:49:42.553  INFO 1584 --- [restartedMain] s.w.s.m.m.a.RequestMappingHandlerMapping : Mapped "{[/users/],methods=[GET]}" onto public java.util.List<com.adcat.monitor.domain.UserTest> com.adcat.monitor.web.UserControllerTest.getUserList()
2018-07-30 10:49:42.553  INFO 1584 --- [restartedMain] s.w.s.m.m.a.RequestMappingHandlerMapping : Mapped "{[/users/],methods=[POST]}" onto public java.lang.String com.adcat.monitor.web.UserControllerTest.postUser(com.adcat.monitor.domain.UserTest)
2018-07-30 10:49:42.553  INFO 1584 --- [restartedMain] s.w.s.m.m.a.RequestMappingHandlerMapping : Mapped "{[/users/{id}],methods=[PUT]}" onto public java.lang.String com.adcat.monitor.web.UserControllerTest.putUser(java.lang.Long,com.adcat.monitor.domain.UserTest)
2018-07-30 10:49:42.554  INFO 1584 --- [restartedMain] s.w.s.m.m.a.RequestMappingHandlerMapping : Mapped "{[/users/{id}],methods=[DELETE]}" onto public java.lang.String com.adcat.monitor.web.UserControllerTest.deleteUser(java.lang.Long)
2018-07-30 10:49:42.554  INFO 1584 --- [restartedMain] s.w.s.m.m.a.RequestMappingHandlerMapping : Mapped "{[/v2/api-docs],methods=[GET]}" onto public org.springframework.http.ResponseEntity<springfox.documentation.spring.web.json.Json> springfox.documentation.swagger2.web.Swagger2Controller.getDocumentation(java.lang.String)
2018-07-30 10:49:42.557  INFO 1584 --- [restartedMain] s.w.s.m.m.a.RequestMappingHandlerMapping : Mapped "{[/configuration/security]}" onto org.springframework.http.ResponseEntity<springfox.documentation.swagger.web.SecurityConfiguration> springfox.documentation.swagger.web.ApiResourceController.securityConfiguration()
2018-07-30 10:49:42.558  INFO 1584 --- [restartedMain] s.w.s.m.m.a.RequestMappingHandlerMapping : Mapped "{[/configuration/ui]}" onto org.springframework.http.ResponseEntity<springfox.documentation.swagger.web.UiConfiguration> springfox.documentation.swagger.web.ApiResourceController.uiConfiguration()
2018-07-30 10:49:42.558  INFO 1584 --- [restartedMain] s.w.s.m.m.a.RequestMappingHandlerMapping : Mapped "{[/swagger-resources]}" onto org.springframework.http.ResponseEntity<java.util.List<springfox.documentation.swagger.web.SwaggerResource>> springfox.documentation.swagger.web.ApiResourceController.swaggerResources()
2018-07-30 10:49:42.560  INFO 1584 --- [restartedMain] s.w.s.m.m.a.RequestMappingHandlerMapping : Mapped "{[/error]}" onto public org.springframework.http.ResponseEntity<java.util.Map<java.lang.String, java.lang.Object>> org.springframework.boot.autoconfigure.web.servlet.error.BasicErrorController.error(javax.servlet.http.HttpServletRequest)
2018-07-30 10:49:42.560  INFO 1584 --- [restartedMain] s.w.s.m.m.a.RequestMappingHandlerMapping : Mapped "{[/error],produces=[text/html]}" onto public org.springframework.web.servlet.ModelAndView org.springframework.boot.autoconfigure.web.servlet.error.BasicErrorController.errorHtml(javax.servlet.http.HttpServletRequest,javax.servlet.http.HttpServletResponse)
2018-07-30 10:49:42.709  INFO 1584 --- [restartedMain] o.s.w.s.handler.SimpleUrlHandlerMapping  : Mapped URL path [/**/favicon.ico] onto handler of type [class org.springframework.web.servlet.resource.ResourceHttpRequestHandler]
2018-07-30 10:49:42.965  INFO 1584 --- [restartedMain] s.w.s.m.m.a.RequestMappingHandlerAdapter : Looking for @ControllerAdvice: org.springframework.boot.web.servlet.context.AnnotationConfigServletWebServerApplicationContext@3e7a9598: startup date [Mon Jul 30 10:49:39 CST 2018]; root of context hierarchy
2018-07-30 10:49:43.011  INFO 1584 --- [restartedMain] o.s.w.s.handler.SimpleUrlHandlerMapping  : Mapped URL path [/webjars/**] onto handler of type [class org.springframework.web.servlet.resource.ResourceHttpRequestHandler]
2018-07-30 10:49:43.011  INFO 1584 --- [restartedMain] o.s.w.s.handler.SimpleUrlHandlerMapping  : Mapped URL path [/**] onto handler of type [class org.springframework.web.servlet.resource.ResourceHttpRequestHandler]
2018-07-30 10:49:43.023  INFO 1584 --- [restartedMain] .m.m.a.ExceptionHandlerExceptionResolver : Detected @ExceptionHandler methods in globalExceptionHandler
2018-07-30 10:49:43.061  WARN 1584 --- [restartedMain] org.thymeleaf.templatemode.TemplateMode  : [THYMELEAF][restartedMain] Template Mode 'HTML5' is deprecated. Using Template Mode 'HTML' instead.
2018-07-30 10:49:43.115  INFO 1584 --- [restartedMain] o.s.b.a.w.s.WelcomePageHandlerMapping    : Adding welcome page template: index
2018-07-30 10:49:43.478  INFO 1584 --- [restartedMain] o.s.b.d.a.OptionalLiveReloadServer       : LiveReload server is running on port 35729
2018-07-30 10:49:43.502  INFO 1584 --- [restartedMain] o.s.j.e.a.AnnotationMBeanExporter        : Registering beans for JMX exposure on startup
2018-07-30 10:49:43.504  INFO 1584 --- [restartedMain] o.s.j.e.a.AnnotationMBeanExporter        : Bean with name 'dataSource' has been autodetected for JMX exposure
2018-07-30 10:49:43.509  INFO 1584 --- [restartedMain] o.s.j.e.a.AnnotationMBeanExporter        : Located MBean 'dataSource': registering with JMX server as MBean [com.zaxxer.hikari:name=dataSource,type=HikariDataSource]
2018-07-30 10:49:43.517  INFO 1584 --- [restartedMain] d.s.w.p.DocumentationPluginsBootstrapper : Context refreshed
2018-07-30 10:49:43.535  INFO 1584 --- [restartedMain] d.s.w.p.DocumentationPluginsBootstrapper : Found {0} custom documentation plugin(s)
2018-07-30 10:49:43.541  INFO 1584 --- [restartedMain] s.d.s.w.s.ApiListingReferenceScanner     : Scanning for api listing references
2018-07-30 10:49:43.544  INFO 1584 --- [restartedMain] s.w.ClassOrApiAnnotationResourceGrouping : Group for method index was hello-controller
2018-07-30 10:49:43.545  INFO 1584 --- [restartedMain] s.d.s.w.s.ApiListingReferenceScanner     : Request mapping: index belongs to groups: [[ResourceGroup{groupName='hello-controller', position=0, controller=com.adcat.monitor.web.HelloController}]] 
2018-07-30 10:49:43.546  INFO 1584 --- [restartedMain] s.w.ClassOrApiAnnotationResourceGrouping : Group for method getBanner was banner
2018-07-30 10:49:43.546  INFO 1584 --- [restartedMain] s.d.s.w.s.ApiListingReferenceScanner     : Request mapping: getBanner belongs to groups: [[ResourceGroup{groupName='banner', position=0, controller=com.adcat.monitor.web.BannerController}]] 
2018-07-30 10:49:43.547  INFO 1584 --- [restartedMain] s.w.ClassOrApiAnnotationResourceGrouping : Group for method hello was hello-controller
2018-07-30 10:49:43.547  INFO 1584 --- [restartedMain] s.d.s.w.s.ApiListingReferenceScanner     : Request mapping: hello belongs to groups: [[ResourceGroup{groupName='hello-controller', position=0, controller=com.adcat.monitor.web.HelloController}]] 
2018-07-30 10:49:43.548  INFO 1584 --- [restartedMain] s.w.ClassOrApiAnnotationResourceGrouping : Group for method json2 was hello-controller
2018-07-30 10:49:43.548  INFO 1584 --- [restartedMain] s.d.s.w.s.ApiListingReferenceScanner     : Request mapping: json2 belongs to groups: [[ResourceGroup{groupName='hello-controller', position=0, controller=com.adcat.monitor.web.HelloController}]] 
2018-07-30 10:49:43.548  INFO 1584 --- [restartedMain] s.w.ClassOrApiAnnotationResourceGrouping : Group for method json was hello-controller
2018-07-30 10:49:43.548  INFO 1584 --- [restartedMain] s.d.s.w.s.ApiListingReferenceScanner     : Request mapping: json belongs to groups: [[ResourceGroup{groupName='hello-controller', position=0, controller=com.adcat.monitor.web.HelloController}]] 
2018-07-30 10:49:43.549  INFO 1584 --- [restartedMain] s.w.ClassOrApiAnnotationResourceGrouping : Group for method getDetail was 媒体
2018-07-30 10:49:43.550  INFO 1584 --- [restartedMain] s.d.s.w.s.ApiListingReferenceScanner     : Request mapping: getDetail belongs to groups: [[ResourceGroup{groupName='媒体', position=0, controller=com.adcat.monitor.web.MediaController}]] 
2018-07-30 10:49:43.550  INFO 1584 --- [restartedMain] s.w.ClassOrApiAnnotationResourceGrouping : Group for method getAllMedia was 媒体
2018-07-30 10:49:43.550  INFO 1584 --- [restartedMain] s.d.s.w.s.ApiListingReferenceScanner     : Request mapping: getAllMedia belongs to groups: [[ResourceGroup{groupName='媒体', position=0, controller=com.adcat.monitor.web.MediaController}]] 
2018-07-30 10:49:43.550  INFO 1584 --- [restartedMain] s.w.ClassOrApiAnnotationResourceGrouping : Group for method getUserList was user-controller-test
2018-07-30 10:49:43.550  INFO 1584 --- [restartedMain] s.d.s.w.s.ApiListingReferenceScanner     : Request mapping: getUserList belongs to groups: [[ResourceGroup{groupName='user-controller-test', position=0, controller=com.adcat.monitor.web.UserControllerTest}]] 
2018-07-30 10:49:43.551  INFO 1584 --- [restartedMain] s.w.ClassOrApiAnnotationResourceGrouping : Group for method postUser was user-controller-test
2018-07-30 10:49:43.551  INFO 1584 --- [restartedMain] s.d.s.w.s.ApiListingReferenceScanner     : Request mapping: postUser belongs to groups: [[ResourceGroup{groupName='user-controller-test', position=0, controller=com.adcat.monitor.web.UserControllerTest}]] 
2018-07-30 10:49:43.551  INFO 1584 --- [restartedMain] s.w.ClassOrApiAnnotationResourceGrouping : Group for method getUser was user-controller-test
2018-07-30 10:49:43.551  INFO 1584 --- [restartedMain] s.d.s.w.s.ApiListingReferenceScanner     : Request mapping: getUser belongs to groups: [[ResourceGroup{groupName='user-controller-test', position=0, controller=com.adcat.monitor.web.UserControllerTest}]] 
2018-07-30 10:49:43.551  INFO 1584 --- [restartedMain] s.w.ClassOrApiAnnotationResourceGrouping : Group for method putUser was user-controller-test
2018-07-30 10:49:43.551  INFO 1584 --- [restartedMain] s.d.s.w.s.ApiListingReferenceScanner     : Request mapping: putUser belongs to groups: [[ResourceGroup{groupName='user-controller-test', position=0, controller=com.adcat.monitor.web.UserControllerTest}]] 
2018-07-30 10:49:43.552  INFO 1584 --- [restartedMain] s.w.ClassOrApiAnnotationResourceGrouping : Group for method deleteUser was user-controller-test
2018-07-30 10:49:43.552  INFO 1584 --- [restartedMain] s.d.s.w.s.ApiListingReferenceScanner     : Request mapping: deleteUser belongs to groups: [[ResourceGroup{groupName='user-controller-test', position=0, controller=com.adcat.monitor.web.UserControllerTest}]] 
2018-07-30 10:49:43.552  INFO 1584 --- [restartedMain] s.w.ClassOrApiAnnotationResourceGrouping : Group for method update was 个人
2018-07-30 10:49:43.552  INFO 1584 --- [restartedMain] s.d.s.w.s.ApiListingReferenceScanner     : Request mapping: update belongs to groups: [[ResourceGroup{groupName='个人', position=0, controller=com.adcat.monitor.web.UserController}]] 
2018-07-30 10:49:43.552  INFO 1584 --- [restartedMain] s.w.ClassOrApiAnnotationResourceGrouping : Group for method getUser was 个人
2018-07-30 10:49:43.552  INFO 1584 --- [restartedMain] s.d.s.w.s.ApiListingReferenceScanner     : Request mapping: getUser belongs to groups: [[ResourceGroup{groupName='个人', position=0, controller=com.adcat.monitor.web.UserController}]] 
2018-07-30 10:49:43.553  INFO 1584 --- [restartedMain] s.w.ClassOrApiAnnotationResourceGrouping : Group for method login was 个人
2018-07-30 10:49:43.553  INFO 1584 --- [restartedMain] s.d.s.w.s.ApiListingReferenceScanner     : Request mapping: login belongs to groups: [[ResourceGroup{groupName='个人', position=0, controller=com.adcat.monitor.web.UserController}]] 
2018-07-30 10:49:43.555  INFO 1584 --- [restartedMain] s.d.s.w.s.ApiListingReferenceScanner     : Created resource listing Path: /default/banner Description: banner Position: 0
2018-07-30 10:49:43.556  INFO 1584 --- [restartedMain] s.d.s.w.s.ApiListingReferenceScanner     : Created resource listing Path: /default/hello-controller Description: hello-controller Position: 0
2018-07-30 10:49:43.556  INFO 1584 --- [restartedMain] s.d.s.w.s.ApiListingReferenceScanner     : Created resource listing Path: /default/user-controller-test Description: user-controller-test Position: 0
2018-07-30 10:49:43.556  INFO 1584 --- [restartedMain] s.d.s.w.s.ApiListingReferenceScanner     : Created resource listing Path: /default/个人 Description: 个人 Position: 0
2018-07-30 10:49:43.556  INFO 1584 --- [restartedMain] s.d.s.w.s.ApiListingReferenceScanner     : Created resource listing Path: /default/媒体 Description: 媒体 Position: 0
2018-07-30 10:49:43.569  INFO 1584 --- [restartedMain] s.d.schema.ModelContextKeyGenerator      : Cache Key Generated: com.adcat.monitor.domain.Banner(true)
2018-07-30 10:49:43.570  INFO 1584 --- [restartedMain] s.d.spring.web.caching.CachingAspect     : Caching aspect applied for cache models with key com.adcat.monitor.domain.Banner(true)
2018-07-30 10:49:43.571  INFO 1584 --- [restartedMain] s.d.s.p.ModelPropertiesKeyGenerator      : Cache key generated: com.adcat.monitor.domain.Banner(true)
2018-07-30 10:49:43.572  INFO 1584 --- [restartedMain] s.d.spring.web.caching.CachingAspect     : Caching aspect applied for cache modelProperties with key com.adcat.monitor.domain.Banner(true)
2018-07-30 10:49:43.598  INFO 1584 --- [restartedMain] s.d.schema.ModelContextKeyGenerator      : Cache Key Generated: com.adcat.monitor.domain.Banner(true)
2018-07-30 10:49:43.599  INFO 1584 --- [restartedMain] s.d.spring.web.caching.CachingAspect     : Caching aspect applied for cache modelDependencies with key com.adcat.monitor.domain.Banner(true)
2018-07-30 10:49:43.601  INFO 1584 --- [restartedMain] s.d.s.p.ModelPropertiesKeyGenerator      : Cache key generated: com.adcat.monitor.domain.Banner(true)
2018-07-30 10:49:43.601  INFO 1584 --- [restartedMain] s.d.spring.web.caching.CachingAspect     : Caching aspect applied for cache modelProperties with key com.adcat.monitor.domain.Banner(true)
2018-07-30 10:49:43.603  INFO 1584 --- [restartedMain] s.d.spring.web.OperationsKeyGenerator    : Cache key generated: /banner.com.adcat.monitor.web.BannerController.getBanner.DefaultGenericTypeNamingStrategy
2018-07-30 10:49:43.603  INFO 1584 --- [restartedMain] s.d.spring.web.caching.CachingAspect     : Caching aspect applied for cache operations with key /banner.com.adcat.monitor.web.BannerController.getBanner.DefaultGenericTypeNamingStrategy
2018-07-30 10:49:43.610  INFO 1584 --- [restartedMain] s.w.ClassOrApiAnnotationResourceGrouping : Group for method getBanner was banner
2018-07-30 10:49:43.612  INFO 1584 --- [restartedMain] s.w.ClassOrApiAnnotationResourceGrouping : Group for method getBanner was banner
2018-07-30 10:49:43.625  INFO 1584 --- [restartedMain] s.d.schema.ModelContextKeyGenerator      : Cache Key Generated: java.lang.String(true)
2018-07-30 10:49:43.625  INFO 1584 --- [restartedMain] s.d.spring.web.caching.CachingAspect     : Caching aspect applied for cache models with key java.lang.String(true)
2018-07-30 10:49:43.626  INFO 1584 --- [restartedMain] s.d.schema.ModelContextKeyGenerator      : Cache Key Generated: java.lang.String(true)
2018-07-30 10:49:43.626  INFO 1584 --- [restartedMain] s.d.spring.web.caching.CachingAspect     : Caching aspect applied for cache modelDependencies with key java.lang.String(true)
2018-07-30 10:49:43.626  INFO 1584 --- [restartedMain] s.d.spring.web.OperationsKeyGenerator    : Cache key generated: /hello.com.adcat.monitor.web.HelloController.hello.DefaultGenericTypeNamingStrategy
2018-07-30 10:49:43.626  INFO 1584 --- [restartedMain] s.d.spring.web.caching.CachingAspect     : Caching aspect applied for cache operations with key /hello.com.adcat.monitor.web.HelloController.hello.DefaultGenericTypeNamingStrategy
2018-07-30 10:49:43.626  INFO 1584 --- [restartedMain] s.w.ClassOrApiAnnotationResourceGrouping : Group for method hello was hello-controller
2018-07-30 10:49:43.627  INFO 1584 --- [restartedMain] s.w.ClassOrApiAnnotationResourceGrouping : Group for method hello was hello-controller
2018-07-30 10:49:43.627  INFO 1584 --- [restartedMain] s.w.ClassOrApiAnnotationResourceGrouping : Group for method hello was hello-controller
2018-07-30 10:49:43.628  INFO 1584 --- [restartedMain] s.w.ClassOrApiAnnotationResourceGrouping : Group for method hello was hello-controller
2018-07-30 10:49:43.628  INFO 1584 --- [restartedMain] s.w.ClassOrApiAnnotationResourceGrouping : Group for method hello was hello-controller
2018-07-30 10:49:43.629  INFO 1584 --- [restartedMain] s.w.ClassOrApiAnnotationResourceGrouping : Group for method hello was hello-controller
2018-07-30 10:49:43.629  INFO 1584 --- [restartedMain] s.w.ClassOrApiAnnotationResourceGrouping : Group for method hello was hello-controller
2018-07-30 10:49:43.630  INFO 1584 --- [restartedMain] s.w.ClassOrApiAnnotationResourceGrouping : Group for method hello was hello-controller
2018-07-30 10:49:43.630  INFO 1584 --- [restartedMain] s.w.ClassOrApiAnnotationResourceGrouping : Group for method hello was hello-controller
2018-07-30 10:49:43.631  INFO 1584 --- [restartedMain] s.w.ClassOrApiAnnotationResourceGrouping : Group for method hello was hello-controller
2018-07-30 10:49:43.631  INFO 1584 --- [restartedMain] s.w.ClassOrApiAnnotationResourceGrouping : Group for method hello was hello-controller
2018-07-30 10:49:43.632  INFO 1584 --- [restartedMain] s.w.ClassOrApiAnnotationResourceGrouping : Group for method hello was hello-controller
2018-07-30 10:49:43.632  INFO 1584 --- [restartedMain] s.w.ClassOrApiAnnotationResourceGrouping : Group for method hello was hello-controller
2018-07-30 10:49:43.633  INFO 1584 --- [restartedMain] s.w.ClassOrApiAnnotationResourceGrouping : Group for method hello was hello-controller
2018-07-30 10:49:43.633  INFO 1584 --- [restartedMain] s.w.ClassOrApiAnnotationResourceGrouping : Group for method hello was hello-controller
2018-07-30 10:49:43.633  INFO 1584 --- [restartedMain] s.w.ClassOrApiAnnotationResourceGrouping : Group for method hello was hello-controller
2018-07-30 10:49:43.634  INFO 1584 --- [restartedMain] s.d.schema.ModelContextKeyGenerator      : Cache Key Generated: java.lang.String(true)
2018-07-30 10:49:43.634  INFO 1584 --- [restartedMain] s.d.spring.web.caching.CachingAspect     : Caching aspect applied for cache models with key java.lang.String(true)
2018-07-30 10:49:43.634  INFO 1584 --- [restartedMain] s.d.schema.ModelContextKeyGenerator      : Cache Key Generated: java.lang.String(true)
2018-07-30 10:49:43.634  INFO 1584 --- [restartedMain] s.d.spring.web.caching.CachingAspect     : Caching aspect applied for cache modelDependencies with key java.lang.String(true)
2018-07-30 10:49:43.634  INFO 1584 --- [restartedMain] s.d.spring.web.OperationsKeyGenerator    : Cache key generated: /.com.adcat.monitor.web.HelloController.index.DefaultGenericTypeNamingStrategy
2018-07-30 10:49:43.634  INFO 1584 --- [restartedMain] s.d.spring.web.caching.CachingAspect     : Caching aspect applied for cache operations with key /.com.adcat.monitor.web.HelloController.index.DefaultGenericTypeNamingStrategy
2018-07-30 10:49:43.638  INFO 1584 --- [restartedMain] s.w.ClassOrApiAnnotationResourceGrouping : Group for method index was hello-controller
2018-07-30 10:49:43.638  INFO 1584 --- [restartedMain] s.w.ClassOrApiAnnotationResourceGrouping : Group for method index was hello-controller
2018-07-30 10:49:43.639  INFO 1584 --- [restartedMain] s.w.ClassOrApiAnnotationResourceGrouping : Group for method index was hello-controller
2018-07-30 10:49:43.639  INFO 1584 --- [restartedMain] s.w.ClassOrApiAnnotationResourceGrouping : Group for method index was hello-controller
2018-07-30 10:49:43.640  INFO 1584 --- [restartedMain] s.w.ClassOrApiAnnotationResourceGrouping : Group for method index was hello-controller
2018-07-30 10:49:43.640  INFO 1584 --- [restartedMain] s.w.ClassOrApiAnnotationResourceGrouping : Group for method index was hello-controller
2018-07-30 10:49:43.641  INFO 1584 --- [restartedMain] s.w.ClassOrApiAnnotationResourceGrouping : Group for method index was hello-controller
2018-07-30 10:49:43.641  INFO 1584 --- [restartedMain] s.w.ClassOrApiAnnotationResourceGrouping : Group for method index was hello-controller
2018-07-30 10:49:43.642  INFO 1584 --- [restartedMain] s.w.ClassOrApiAnnotationResourceGrouping : Group for method index was hello-controller
2018-07-30 10:49:43.642  INFO 1584 --- [restartedMain] s.w.ClassOrApiAnnotationResourceGrouping : Group for method index was hello-controller
2018-07-30 10:49:43.643  INFO 1584 --- [restartedMain] s.w.ClassOrApiAnnotationResourceGrouping : Group for method index was hello-controller
2018-07-30 10:49:43.643  INFO 1584 --- [restartedMain] s.w.ClassOrApiAnnotationResourceGrouping : Group for method index was hello-controller
2018-07-30 10:49:43.644  INFO 1584 --- [restartedMain] s.w.ClassOrApiAnnotationResourceGrouping : Group for method index was hello-controller
2018-07-30 10:49:43.644  INFO 1584 --- [restartedMain] s.w.ClassOrApiAnnotationResourceGrouping : Group for method index was hello-controller
2018-07-30 10:49:43.645  INFO 1584 --- [restartedMain] s.w.ClassOrApiAnnotationResourceGrouping : Group for method index was hello-controller
2018-07-30 10:49:43.645  INFO 1584 --- [restartedMain] s.w.ClassOrApiAnnotationResourceGrouping : Group for method index was hello-controller
2018-07-30 10:49:43.646  INFO 1584 --- [restartedMain] s.d.schema.ModelContextKeyGenerator      : Cache Key Generated: java.lang.String(true)
2018-07-30 10:49:43.646  INFO 1584 --- [restartedMain] s.d.spring.web.caching.CachingAspect     : Caching aspect applied for cache models with key java.lang.String(true)
2018-07-30 10:49:43.646  INFO 1584 --- [restartedMain] s.d.schema.ModelContextKeyGenerator      : Cache Key Generated: java.lang.String(true)
2018-07-30 10:49:43.646  INFO 1584 --- [restartedMain] s.d.spring.web.caching.CachingAspect     : Caching aspect applied for cache modelDependencies with key java.lang.String(true)
2018-07-30 10:49:43.646  INFO 1584 --- [restartedMain] s.d.spring.web.OperationsKeyGenerator    : Cache key generated: /json.com.adcat.monitor.web.HelloController.json.DefaultGenericTypeNamingStrategy
2018-07-30 10:49:43.646  INFO 1584 --- [restartedMain] s.d.spring.web.caching.CachingAspect     : Caching aspect applied for cache operations with key /json.com.adcat.monitor.web.HelloController.json.DefaultGenericTypeNamingStrategy
2018-07-30 10:49:43.647  INFO 1584 --- [restartedMain] s.w.ClassOrApiAnnotationResourceGrouping : Group for method json was hello-controller
2018-07-30 10:49:43.647  INFO 1584 --- [restartedMain] s.w.ClassOrApiAnnotationResourceGrouping : Group for method json was hello-controller
2018-07-30 10:49:43.648  INFO 1584 --- [restartedMain] s.w.ClassOrApiAnnotationResourceGrouping : Group for method json was hello-controller
2018-07-30 10:49:43.648  INFO 1584 --- [restartedMain] s.w.ClassOrApiAnnotationResourceGrouping : Group for method json was hello-controller
2018-07-30 10:49:43.649  INFO 1584 --- [restartedMain] s.w.ClassOrApiAnnotationResourceGrouping : Group for method json was hello-controller
2018-07-30 10:49:43.649  INFO 1584 --- [restartedMain] s.w.ClassOrApiAnnotationResourceGrouping : Group for method json was hello-controller
2018-07-30 10:49:43.650  INFO 1584 --- [restartedMain] s.w.ClassOrApiAnnotationResourceGrouping : Group for method json was hello-controller
2018-07-30 10:49:43.650  INFO 1584 --- [restartedMain] s.w.ClassOrApiAnnotationResourceGrouping : Group for method json was hello-controller
2018-07-30 10:49:43.651  INFO 1584 --- [restartedMain] s.w.ClassOrApiAnnotationResourceGrouping : Group for method json was hello-controller
2018-07-30 10:49:43.651  INFO 1584 --- [restartedMain] s.w.ClassOrApiAnnotationResourceGrouping : Group for method json was hello-controller
2018-07-30 10:49:43.652  INFO 1584 --- [restartedMain] s.w.ClassOrApiAnnotationResourceGrouping : Group for method json was hello-controller
2018-07-30 10:49:43.652  INFO 1584 --- [restartedMain] s.w.ClassOrApiAnnotationResourceGrouping : Group for method json was hello-controller
2018-07-30 10:49:43.652  INFO 1584 --- [restartedMain] s.w.ClassOrApiAnnotationResourceGrouping : Group for method json was hello-controller
2018-07-30 10:49:43.653  INFO 1584 --- [restartedMain] s.w.ClassOrApiAnnotationResourceGrouping : Group for method json was hello-controller
2018-07-30 10:49:43.653  INFO 1584 --- [restartedMain] s.w.ClassOrApiAnnotationResourceGrouping : Group for method json was hello-controller
2018-07-30 10:49:43.654  INFO 1584 --- [restartedMain] s.w.ClassOrApiAnnotationResourceGrouping : Group for method json was hello-controller
2018-07-30 10:49:43.654  INFO 1584 --- [restartedMain] s.d.schema.ModelContextKeyGenerator      : Cache Key Generated: java.lang.String(true)
2018-07-30 10:49:43.654  INFO 1584 --- [restartedMain] s.d.spring.web.caching.CachingAspect     : Caching aspect applied for cache models with key java.lang.String(true)
2018-07-30 10:49:43.654  INFO 1584 --- [restartedMain] s.d.schema.ModelContextKeyGenerator      : Cache Key Generated: java.lang.String(true)
2018-07-30 10:49:43.655  INFO 1584 --- [restartedMain] s.d.spring.web.caching.CachingAspect     : Caching aspect applied for cache modelDependencies with key java.lang.String(true)
2018-07-30 10:49:43.655  INFO 1584 --- [restartedMain] s.d.spring.web.OperationsKeyGenerator    : Cache key generated: /json2.com.adcat.monitor.web.HelloController.json2.DefaultGenericTypeNamingStrategy
2018-07-30 10:49:43.655  INFO 1584 --- [restartedMain] s.d.spring.web.caching.CachingAspect     : Caching aspect applied for cache operations with key /json2.com.adcat.monitor.web.HelloController.json2.DefaultGenericTypeNamingStrategy
2018-07-30 10:49:43.655  INFO 1584 --- [restartedMain] s.w.ClassOrApiAnnotationResourceGrouping : Group for method json2 was hello-controller
2018-07-30 10:49:43.656  INFO 1584 --- [restartedMain] s.w.ClassOrApiAnnotationResourceGrouping : Group for method json2 was hello-controller
2018-07-30 10:49:43.656  INFO 1584 --- [restartedMain] s.w.ClassOrApiAnnotationResourceGrouping : Group for method json2 was hello-controller
2018-07-30 10:49:43.656  INFO 1584 --- [restartedMain] s.w.ClassOrApiAnnotationResourceGrouping : Group for method json2 was hello-controller
2018-07-30 10:49:43.657  INFO 1584 --- [restartedMain] s.w.ClassOrApiAnnotationResourceGrouping : Group for method json2 was hello-controller
2018-07-30 10:49:43.657  INFO 1584 --- [restartedMain] s.w.ClassOrApiAnnotationResourceGrouping : Group for method json2 was hello-controller
2018-07-30 10:49:43.658  INFO 1584 --- [restartedMain] s.w.ClassOrApiAnnotationResourceGrouping : Group for method json2 was hello-controller
2018-07-30 10:49:43.658  INFO 1584 --- [restartedMain] s.w.ClassOrApiAnnotationResourceGrouping : Group for method json2 was hello-controller
2018-07-30 10:49:43.658  INFO 1584 --- [restartedMain] s.w.ClassOrApiAnnotationResourceGrouping : Group for method json2 was hello-controller
2018-07-30 10:49:43.659  INFO 1584 --- [restartedMain] s.w.ClassOrApiAnnotationResourceGrouping : Group for method json2 was hello-controller
2018-07-30 10:49:43.659  INFO 1584 --- [restartedMain] s.w.ClassOrApiAnnotationResourceGrouping : Group for method json2 was hello-controller
2018-07-30 10:49:43.659  INFO 1584 --- [restartedMain] s.w.ClassOrApiAnnotationResourceGrouping : Group for method json2 was hello-controller
2018-07-30 10:49:43.660  INFO 1584 --- [restartedMain] s.w.ClassOrApiAnnotationResourceGrouping : Group for method json2 was hello-controller
2018-07-30 10:49:43.660  INFO 1584 --- [restartedMain] s.w.ClassOrApiAnnotationResourceGrouping : Group for method json2 was hello-controller
2018-07-30 10:49:43.660  INFO 1584 --- [restartedMain] s.w.ClassOrApiAnnotationResourceGrouping : Group for method json2 was hello-controller
2018-07-30 10:49:43.660  INFO 1584 --- [restartedMain] s.w.ClassOrApiAnnotationResourceGrouping : Group for method json2 was hello-controller
2018-07-30 10:49:43.663  INFO 1584 --- [restartedMain] s.d.schema.ModelContextKeyGenerator      : Cache Key Generated: java.lang.String(true)
2018-07-30 10:49:43.663  INFO 1584 --- [restartedMain] s.d.spring.web.caching.CachingAspect     : Caching aspect applied for cache models with key java.lang.String(true)
2018-07-30 10:49:43.663  INFO 1584 --- [restartedMain] s.d.schema.ModelContextKeyGenerator      : Cache Key Generated: java.lang.String(true)
2018-07-30 10:49:43.663  INFO 1584 --- [restartedMain] s.d.spring.web.caching.CachingAspect     : Caching aspect applied for cache modelDependencies with key java.lang.String(true)
2018-07-30 10:49:43.663  INFO 1584 --- [restartedMain] s.d.spring.web.OperationsKeyGenerator    : Cache key generated: /users/{id}.com.adcat.monitor.web.UserControllerTest.deleteUser.DefaultGenericTypeNamingStrategy
2018-07-30 10:49:43.663  INFO 1584 --- [restartedMain] s.d.spring.web.caching.CachingAspect     : Caching aspect applied for cache operations with key /users/{id}.com.adcat.monitor.web.UserControllerTest.deleteUser.DefaultGenericTypeNamingStrategy
2018-07-30 10:49:43.665  INFO 1584 --- [restartedMain] s.w.ClassOrApiAnnotationResourceGrouping : Group for method deleteUser was user-controller-test
2018-07-30 10:49:43.666  INFO 1584 --- [restartedMain] s.w.ClassOrApiAnnotationResourceGrouping : Group for method deleteUser was user-controller-test
2018-07-30 10:49:43.668  INFO 1584 --- [restartedMain] s.d.schema.ModelContextKeyGenerator      : Cache Key Generated: com.adcat.monitor.domain.UserTest(true)
2018-07-30 10:49:43.668  INFO 1584 --- [restartedMain] s.d.spring.web.caching.CachingAspect     : Caching aspect applied for cache models with key com.adcat.monitor.domain.UserTest(true)
2018-07-30 10:49:43.668  INFO 1584 --- [restartedMain] s.d.s.p.ModelPropertiesKeyGenerator      : Cache key generated: com.adcat.monitor.domain.UserTest(true)
2018-07-30 10:49:43.668  INFO 1584 --- [restartedMain] s.d.spring.web.caching.CachingAspect     : Caching aspect applied for cache modelProperties with key com.adcat.monitor.domain.UserTest(true)
2018-07-30 10:49:43.671  INFO 1584 --- [restartedMain] s.d.schema.ModelContextKeyGenerator      : Cache Key Generated: com.adcat.monitor.domain.UserTest(true)
2018-07-30 10:49:43.671  INFO 1584 --- [restartedMain] s.d.spring.web.caching.CachingAspect     : Caching aspect applied for cache modelDependencies with key com.adcat.monitor.domain.UserTest(true)
2018-07-30 10:49:43.671  INFO 1584 --- [restartedMain] s.d.s.p.ModelPropertiesKeyGenerator      : Cache key generated: com.adcat.monitor.domain.UserTest(true)
2018-07-30 10:49:43.671  INFO 1584 --- [restartedMain] s.d.spring.web.caching.CachingAspect     : Caching aspect applied for cache modelProperties with key com.adcat.monitor.domain.UserTest(true)
2018-07-30 10:49:43.671  INFO 1584 --- [restartedMain] s.d.spring.web.OperationsKeyGenerator    : Cache key generated: /users/{id}.com.adcat.monitor.web.UserControllerTest.getUser.DefaultGenericTypeNamingStrategy
2018-07-30 10:49:43.671  INFO 1584 --- [restartedMain] s.d.spring.web.caching.CachingAspect     : Caching aspect applied for cache operations with key /users/{id}.com.adcat.monitor.web.UserControllerTest.getUser.DefaultGenericTypeNamingStrategy
2018-07-30 10:49:43.672  INFO 1584 --- [restartedMain] s.w.ClassOrApiAnnotationResourceGrouping : Group for method getUser was user-controller-test
2018-07-30 10:49:43.673  INFO 1584 --- [restartedMain] s.w.ClassOrApiAnnotationResourceGrouping : Group for method getUser was user-controller-test
2018-07-30 10:49:43.674  INFO 1584 --- [restartedMain] s.d.schema.ModelContextKeyGenerator      : Cache Key Generated: java.util.List<com.adcat.monitor.domain.UserTest>(true)
2018-07-30 10:49:43.674  INFO 1584 --- [restartedMain] s.d.spring.web.caching.CachingAspect     : Caching aspect applied for cache models with key java.util.List<com.adcat.monitor.domain.UserTest>(true)
2018-07-30 10:49:43.674  INFO 1584 --- [restartedMain] s.d.schema.ModelContextKeyGenerator      : Cache Key Generated: java.util.List<com.adcat.monitor.domain.UserTest>(true)
2018-07-30 10:49:43.674  INFO 1584 --- [restartedMain] s.d.spring.web.caching.CachingAspect     : Caching aspect applied for cache modelDependencies with key java.util.List<com.adcat.monitor.domain.UserTest>(true)
2018-07-30 10:49:43.674  INFO 1584 --- [restartedMain] s.d.s.p.ModelPropertiesKeyGenerator      : Cache key generated: com.adcat.monitor.domain.UserTest(true)
2018-07-30 10:49:43.674  INFO 1584 --- [restartedMain] s.d.spring.web.caching.CachingAspect     : Caching aspect applied for cache modelProperties with key com.adcat.monitor.domain.UserTest(true)
2018-07-30 10:49:43.675  INFO 1584 --- [restartedMain] s.d.s.p.ModelPropertiesKeyGenerator      : Cache key generated: java.util.List<com.adcat.monitor.domain.UserTest>(true)
2018-07-30 10:49:43.675  INFO 1584 --- [restartedMain] s.d.spring.web.caching.CachingAspect     : Caching aspect applied for cache modelProperties with key java.util.List<com.adcat.monitor.domain.UserTest>(true)
2018-07-30 10:49:43.675  INFO 1584 --- [restartedMain] s.d.s.p.ModelPropertiesKeyGenerator      : Cache key generated: com.adcat.monitor.domain.UserTest(true)
2018-07-30 10:49:43.675  INFO 1584 --- [restartedMain] s.d.spring.web.caching.CachingAspect     : Caching aspect applied for cache modelProperties with key com.adcat.monitor.domain.UserTest(true)
2018-07-30 10:49:43.675  INFO 1584 --- [restartedMain] s.d.spring.web.OperationsKeyGenerator    : Cache key generated: /users/.com.adcat.monitor.web.UserControllerTest.getUserList.DefaultGenericTypeNamingStrategy
2018-07-30 10:49:43.675  INFO 1584 --- [restartedMain] s.d.spring.web.caching.CachingAspect     : Caching aspect applied for cache operations with key /users/.com.adcat.monitor.web.UserControllerTest.getUserList.DefaultGenericTypeNamingStrategy
2018-07-30 10:49:43.676  INFO 1584 --- [restartedMain] s.w.ClassOrApiAnnotationResourceGrouping : Group for method getUserList was user-controller-test
2018-07-30 10:49:43.676  INFO 1584 --- [restartedMain] s.w.ClassOrApiAnnotationResourceGrouping : Group for method getUserList was user-controller-test
2018-07-30 10:49:43.677  INFO 1584 --- [restartedMain] s.d.schema.ModelContextKeyGenerator      : Cache Key Generated: com.adcat.monitor.domain.UserTest(true)
2018-07-30 10:49:43.677  INFO 1584 --- [restartedMain] s.d.spring.web.caching.CachingAspect     : Caching aspect applied for cache models with key com.adcat.monitor.domain.UserTest(true)
2018-07-30 10:49:43.678  INFO 1584 --- [restartedMain] s.d.schema.ModelContextKeyGenerator      : Cache Key Generated: com.adcat.monitor.domain.UserTest(true)
2018-07-30 10:49:43.678  INFO 1584 --- [restartedMain] s.d.spring.web.caching.CachingAspect     : Caching aspect applied for cache modelDependencies with key com.adcat.monitor.domain.UserTest(true)
2018-07-30 10:49:43.678  INFO 1584 --- [restartedMain] s.d.schema.ModelContextKeyGenerator      : Cache Key Generated: java.lang.String(true)
2018-07-30 10:49:43.678  INFO 1584 --- [restartedMain] s.d.spring.web.caching.CachingAspect     : Caching aspect applied for cache models with key java.lang.String(true)
2018-07-30 10:49:43.678  INFO 1584 --- [restartedMain] s.d.schema.ModelContextKeyGenerator      : Cache Key Generated: java.lang.String(true)
2018-07-30 10:49:43.678  INFO 1584 --- [restartedMain] s.d.spring.web.caching.CachingAspect     : Caching aspect applied for cache modelDependencies with key java.lang.String(true)
2018-07-30 10:49:43.678  INFO 1584 --- [restartedMain] s.d.schema.ModelContextKeyGenerator      : Cache Key Generated: com.adcat.monitor.domain.UserTest(false)
2018-07-30 10:49:43.678  INFO 1584 --- [restartedMain] s.d.spring.web.caching.CachingAspect     : Caching aspect applied for cache models with key com.adcat.monitor.domain.UserTest(false)
2018-07-30 10:49:43.678  INFO 1584 --- [restartedMain] s.d.s.p.ModelPropertiesKeyGenerator      : Cache key generated: com.adcat.monitor.domain.UserTest(false)
2018-07-30 10:49:43.678  INFO 1584 --- [restartedMain] s.d.spring.web.caching.CachingAspect     : Caching aspect applied for cache modelProperties with key com.adcat.monitor.domain.UserTest(false)
2018-07-30 10:49:43.679  INFO 1584 --- [restartedMain] s.d.schema.ModelContextKeyGenerator      : Cache Key Generated: com.adcat.monitor.domain.UserTest(false)
2018-07-30 10:49:43.679  INFO 1584 --- [restartedMain] s.d.spring.web.caching.CachingAspect     : Caching aspect applied for cache modelDependencies with key com.adcat.monitor.domain.UserTest(false)
2018-07-30 10:49:43.679  INFO 1584 --- [restartedMain] s.d.s.p.ModelPropertiesKeyGenerator      : Cache key generated: com.adcat.monitor.domain.UserTest(false)
2018-07-30 10:49:43.679  INFO 1584 --- [restartedMain] s.d.spring.web.caching.CachingAspect     : Caching aspect applied for cache modelProperties with key com.adcat.monitor.domain.UserTest(false)
2018-07-30 10:49:43.679  INFO 1584 --- [restartedMain] s.d.spring.web.OperationsKeyGenerator    : Cache key generated: /users/.com.adcat.monitor.web.UserControllerTest.postUser.DefaultGenericTypeNamingStrategy
2018-07-30 10:49:43.679  INFO 1584 --- [restartedMain] s.d.spring.web.caching.CachingAspect     : Caching aspect applied for cache operations with key /users/.com.adcat.monitor.web.UserControllerTest.postUser.DefaultGenericTypeNamingStrategy
2018-07-30 10:49:43.680  INFO 1584 --- [restartedMain] s.w.ClassOrApiAnnotationResourceGrouping : Group for method postUser was user-controller-test
2018-07-30 10:49:43.681  INFO 1584 --- [restartedMain] s.w.ClassOrApiAnnotationResourceGrouping : Group for method postUser was user-controller-test
2018-07-30 10:49:43.682  INFO 1584 --- [restartedMain] s.d.schema.ModelContextKeyGenerator      : Cache Key Generated: java.lang.String(true)
2018-07-30 10:49:43.683  INFO 1584 --- [restartedMain] s.d.spring.web.caching.CachingAspect     : Caching aspect applied for cache models with key java.lang.String(true)
2018-07-30 10:49:43.683  INFO 1584 --- [restartedMain] s.d.schema.ModelContextKeyGenerator      : Cache Key Generated: java.lang.String(true)
2018-07-30 10:49:43.683  INFO 1584 --- [restartedMain] s.d.spring.web.caching.CachingAspect     : Caching aspect applied for cache modelDependencies with key java.lang.String(true)
2018-07-30 10:49:43.683  INFO 1584 --- [restartedMain] s.d.schema.ModelContextKeyGenerator      : Cache Key Generated: com.adcat.monitor.domain.UserTest(false)
2018-07-30 10:49:43.683  INFO 1584 --- [restartedMain] s.d.spring.web.caching.CachingAspect     : Caching aspect applied for cache models with key com.adcat.monitor.domain.UserTest(false)
2018-07-30 10:49:43.684  INFO 1584 --- [restartedMain] s.d.schema.ModelContextKeyGenerator      : Cache Key Generated: com.adcat.monitor.domain.UserTest(false)
2018-07-30 10:49:43.684  INFO 1584 --- [restartedMain] s.d.spring.web.caching.CachingAspect     : Caching aspect applied for cache modelDependencies with key com.adcat.monitor.domain.UserTest(false)
2018-07-30 10:49:43.684  INFO 1584 --- [restartedMain] s.d.spring.web.OperationsKeyGenerator    : Cache key generated: /users/{id}.com.adcat.monitor.web.UserControllerTest.putUser.DefaultGenericTypeNamingStrategy
2018-07-30 10:49:43.684  INFO 1584 --- [restartedMain] s.d.spring.web.caching.CachingAspect     : Caching aspect applied for cache operations with key /users/{id}.com.adcat.monitor.web.UserControllerTest.putUser.DefaultGenericTypeNamingStrategy
2018-07-30 10:49:43.686  INFO 1584 --- [restartedMain] s.w.ClassOrApiAnnotationResourceGrouping : Group for method putUser was user-controller-test
2018-07-30 10:49:43.687  INFO 1584 --- [restartedMain] s.w.ClassOrApiAnnotationResourceGrouping : Group for method putUser was user-controller-test
2018-07-30 10:49:43.689  INFO 1584 --- [restartedMain] s.d.schema.ModelContextKeyGenerator      : Cache Key Generated: com.adcat.monitor.domain.User(true)
2018-07-30 10:49:43.689  INFO 1584 --- [restartedMain] s.d.spring.web.caching.CachingAspect     : Caching aspect applied for cache models with key com.adcat.monitor.domain.User(true)
2018-07-30 10:49:43.689  INFO 1584 --- [restartedMain] s.d.s.p.ModelPropertiesKeyGenerator      : Cache key generated: com.adcat.monitor.domain.User(true)
2018-07-30 10:49:43.689  INFO 1584 --- [restartedMain] s.d.spring.web.caching.CachingAspect     : Caching aspect applied for cache modelProperties with key com.adcat.monitor.domain.User(true)
2018-07-30 10:49:43.693  INFO 1584 --- [restartedMain] s.d.schema.ModelContextKeyGenerator      : Cache Key Generated: com.adcat.monitor.domain.User(true)
2018-07-30 10:49:43.693  INFO 1584 --- [restartedMain] s.d.spring.web.caching.CachingAspect     : Caching aspect applied for cache modelDependencies with key com.adcat.monitor.domain.User(true)
2018-07-30 10:49:43.693  INFO 1584 --- [restartedMain] s.d.s.p.ModelPropertiesKeyGenerator      : Cache key generated: com.adcat.monitor.domain.User(true)
2018-07-30 10:49:43.693  INFO 1584 --- [restartedMain] s.d.spring.web.caching.CachingAspect     : Caching aspect applied for cache modelProperties with key com.adcat.monitor.domain.User(true)
2018-07-30 10:49:43.694  INFO 1584 --- [restartedMain] s.d.spring.web.OperationsKeyGenerator    : Cache key generated: /v1/user/{id}.com.adcat.monitor.web.UserController.getUser.DefaultGenericTypeNamingStrategy
2018-07-30 10:49:43.694  INFO 1584 --- [restartedMain] s.d.spring.web.caching.CachingAspect     : Caching aspect applied for cache operations with key /v1/user/{id}.com.adcat.monitor.web.UserController.getUser.DefaultGenericTypeNamingStrategy
2018-07-30 10:49:43.695  INFO 1584 --- [restartedMain] s.w.ClassOrApiAnnotationResourceGrouping : Group for method getUser was 个人
2018-07-30 10:49:43.696  INFO 1584 --- [restartedMain] s.w.ClassOrApiAnnotationResourceGrouping : Group for method getUser was 个人
2018-07-30 10:49:43.696  INFO 1584 --- [restartedMain] .d.s.w.r.o.CachingOperationNameGenerator : Generating unique operation named: getUserUsingGET_1
2018-07-30 10:49:43.697  INFO 1584 --- [restartedMain] s.d.schema.ModelContextKeyGenerator      : Cache Key Generated: com.adcat.monitor.domain.User(true)
2018-07-30 10:49:43.697  INFO 1584 --- [restartedMain] s.d.spring.web.caching.CachingAspect     : Caching aspect applied for cache models with key com.adcat.monitor.domain.User(true)
2018-07-30 10:49:43.697  INFO 1584 --- [restartedMain] s.d.schema.ModelContextKeyGenerator      : Cache Key Generated: com.adcat.monitor.domain.User(true)
2018-07-30 10:49:43.697  INFO 1584 --- [restartedMain] s.d.spring.web.caching.CachingAspect     : Caching aspect applied for cache modelDependencies with key com.adcat.monitor.domain.User(true)
2018-07-30 10:49:43.697  INFO 1584 --- [restartedMain] s.d.spring.web.OperationsKeyGenerator    : Cache key generated: /v1/user.com.adcat.monitor.web.UserController.login.DefaultGenericTypeNamingStrategy
2018-07-30 10:49:43.697  INFO 1584 --- [restartedMain] s.d.spring.web.caching.CachingAspect     : Caching aspect applied for cache operations with key /v1/user.com.adcat.monitor.web.UserController.login.DefaultGenericTypeNamingStrategy
2018-07-30 10:49:43.700  INFO 1584 --- [restartedMain] s.w.ClassOrApiAnnotationResourceGrouping : Group for method login was 个人
2018-07-30 10:49:43.701  INFO 1584 --- [restartedMain] s.w.ClassOrApiAnnotationResourceGrouping : Group for method login was 个人
2018-07-30 10:49:43.702  INFO 1584 --- [restartedMain] s.d.schema.ModelContextKeyGenerator      : Cache Key Generated: com.adcat.monitor.domain.User(true)
2018-07-30 10:49:43.702  INFO 1584 --- [restartedMain] s.d.spring.web.caching.CachingAspect     : Caching aspect applied for cache models with key com.adcat.monitor.domain.User(true)
2018-07-30 10:49:43.702  INFO 1584 --- [restartedMain] s.d.schema.ModelContextKeyGenerator      : Cache Key Generated: com.adcat.monitor.domain.User(true)
2018-07-30 10:49:43.703  INFO 1584 --- [restartedMain] s.d.spring.web.caching.CachingAspect     : Caching aspect applied for cache modelDependencies with key com.adcat.monitor.domain.User(true)
2018-07-30 10:49:43.703  INFO 1584 --- [restartedMain] s.d.schema.ModelContextKeyGenerator      : Cache Key Generated: com.adcat.monitor.domain.User(false)
2018-07-30 10:49:43.703  INFO 1584 --- [restartedMain] s.d.spring.web.caching.CachingAspect     : Caching aspect applied for cache models with key com.adcat.monitor.domain.User(false)
2018-07-30 10:49:43.703  INFO 1584 --- [restartedMain] s.d.s.p.ModelPropertiesKeyGenerator      : Cache key generated: com.adcat.monitor.domain.User(false)
2018-07-30 10:49:43.703  INFO 1584 --- [restartedMain] s.d.spring.web.caching.CachingAspect     : Caching aspect applied for cache modelProperties with key com.adcat.monitor.domain.User(false)
2018-07-30 10:49:43.706  INFO 1584 --- [restartedMain] s.d.schema.ModelContextKeyGenerator      : Cache Key Generated: com.adcat.monitor.domain.User(false)
2018-07-30 10:49:43.707  INFO 1584 --- [restartedMain] s.d.spring.web.caching.CachingAspect     : Caching aspect applied for cache modelDependencies with key com.adcat.monitor.domain.User(false)
2018-07-30 10:49:43.707  INFO 1584 --- [restartedMain] s.d.s.p.ModelPropertiesKeyGenerator      : Cache key generated: com.adcat.monitor.domain.User(false)
2018-07-30 10:49:43.707  INFO 1584 --- [restartedMain] s.d.spring.web.caching.CachingAspect     : Caching aspect applied for cache modelProperties with key com.adcat.monitor.domain.User(false)
2018-07-30 10:49:43.707  INFO 1584 --- [restartedMain] s.d.spring.web.OperationsKeyGenerator    : Cache key generated: /v1/user/{id}.com.adcat.monitor.web.UserController.update.DefaultGenericTypeNamingStrategy
2018-07-30 10:49:43.707  INFO 1584 --- [restartedMain] s.d.spring.web.caching.CachingAspect     : Caching aspect applied for cache operations with key /v1/user/{id}.com.adcat.monitor.web.UserController.update.DefaultGenericTypeNamingStrategy
2018-07-30 10:49:43.708  INFO 1584 --- [restartedMain] s.w.ClassOrApiAnnotationResourceGrouping : Group for method update was 个人
2018-07-30 10:49:43.709  INFO 1584 --- [restartedMain] s.w.ClassOrApiAnnotationResourceGrouping : Group for method update was 个人
2018-07-30 10:49:43.710  INFO 1584 --- [restartedMain] s.d.schema.ModelContextKeyGenerator      : Cache Key Generated: java.util.List<com.adcat.monitor.domain.Media>(true)
2018-07-30 10:49:43.710  INFO 1584 --- [restartedMain] s.d.spring.web.caching.CachingAspect     : Caching aspect applied for cache models with key java.util.List<com.adcat.monitor.domain.Media>(true)
2018-07-30 10:49:43.710  INFO 1584 --- [restartedMain] s.d.schema.ModelContextKeyGenerator      : Cache Key Generated: java.util.List<com.adcat.monitor.domain.Media>(true)
2018-07-30 10:49:43.710  INFO 1584 --- [restartedMain] s.d.spring.web.caching.CachingAspect     : Caching aspect applied for cache modelDependencies with key java.util.List<com.adcat.monitor.domain.Media>(true)
2018-07-30 10:49:43.710  INFO 1584 --- [restartedMain] s.d.s.p.ModelPropertiesKeyGenerator      : Cache key generated: com.adcat.monitor.domain.Media(true)
2018-07-30 10:49:43.710  INFO 1584 --- [restartedMain] s.d.spring.web.caching.CachingAspect     : Caching aspect applied for cache modelProperties with key com.adcat.monitor.domain.Media(true)
2018-07-30 10:49:43.719  INFO 1584 --- [restartedMain] s.d.s.p.ModelPropertiesKeyGenerator      : Cache key generated: java.util.List<com.adcat.monitor.domain.Media>(true)
2018-07-30 10:49:43.719  INFO 1584 --- [restartedMain] s.d.spring.web.caching.CachingAspect     : Caching aspect applied for cache modelProperties with key java.util.List<com.adcat.monitor.domain.Media>(true)
2018-07-30 10:49:43.720  INFO 1584 --- [restartedMain] s.d.s.p.ModelPropertiesKeyGenerator      : Cache key generated: com.adcat.monitor.domain.Media(true)
2018-07-30 10:49:43.720  INFO 1584 --- [restartedMain] s.d.spring.web.caching.CachingAspect     : Caching aspect applied for cache modelProperties with key com.adcat.monitor.domain.Media(true)
2018-07-30 10:49:43.720  INFO 1584 --- [restartedMain] s.d.spring.web.OperationsKeyGenerator    : Cache key generated: /media.com.adcat.monitor.web.MediaController.getAllMedia.DefaultGenericTypeNamingStrategy
2018-07-30 10:49:43.720  INFO 1584 --- [restartedMain] s.d.spring.web.caching.CachingAspect     : Caching aspect applied for cache operations with key /media.com.adcat.monitor.web.MediaController.getAllMedia.DefaultGenericTypeNamingStrategy
2018-07-30 10:49:43.721  INFO 1584 --- [restartedMain] s.w.ClassOrApiAnnotationResourceGrouping : Group for method getAllMedia was 媒体
2018-07-30 10:49:43.721  INFO 1584 --- [restartedMain] s.w.ClassOrApiAnnotationResourceGrouping : Group for method getAllMedia was 媒体
2018-07-30 10:49:43.722  INFO 1584 --- [restartedMain] s.d.schema.ModelContextKeyGenerator      : Cache Key Generated: com.adcat.monitor.domain.Media(true)
2018-07-30 10:49:43.722  INFO 1584 --- [restartedMain] s.d.spring.web.caching.CachingAspect     : Caching aspect applied for cache models with key com.adcat.monitor.domain.Media(true)
2018-07-30 10:49:43.722  INFO 1584 --- [restartedMain] s.d.s.p.ModelPropertiesKeyGenerator      : Cache key generated: com.adcat.monitor.domain.Media(true)
2018-07-30 10:49:43.723  INFO 1584 --- [restartedMain] s.d.spring.web.caching.CachingAspect     : Caching aspect applied for cache modelProperties with key com.adcat.monitor.domain.Media(true)
2018-07-30 10:49:43.724  INFO 1584 --- [restartedMain] s.d.schema.ModelContextKeyGenerator      : Cache Key Generated: com.adcat.monitor.domain.Media(true)
2018-07-30 10:49:43.724  INFO 1584 --- [restartedMain] s.d.spring.web.caching.CachingAspect     : Caching aspect applied for cache modelDependencies with key com.adcat.monitor.domain.Media(true)
2018-07-30 10:49:43.724  INFO 1584 --- [restartedMain] s.d.s.p.ModelPropertiesKeyGenerator      : Cache key generated: com.adcat.monitor.domain.Media(true)
2018-07-30 10:49:43.724  INFO 1584 --- [restartedMain] s.d.spring.web.caching.CachingAspect     : Caching aspect applied for cache modelProperties with key com.adcat.monitor.domain.Media(true)
2018-07-30 10:49:43.724  INFO 1584 --- [restartedMain] s.d.spring.web.OperationsKeyGenerator    : Cache key generated: /media/{id}.com.adcat.monitor.web.MediaController.getDetail.DefaultGenericTypeNamingStrategy
2018-07-30 10:49:43.724  INFO 1584 --- [restartedMain] s.d.spring.web.caching.CachingAspect     : Caching aspect applied for cache operations with key /media/{id}.com.adcat.monitor.web.MediaController.getDetail.DefaultGenericTypeNamingStrategy
2018-07-30 10:49:43.725  INFO 1584 --- [restartedMain] s.w.ClassOrApiAnnotationResourceGrouping : Group for method getDetail was 媒体
2018-07-30 10:49:43.726  INFO 1584 --- [restartedMain] s.w.ClassOrApiAnnotationResourceGrouping : Group for method getDetail was 媒体
2018-07-30 10:49:43.806  INFO 1584 --- [restartedMain] o.s.b.w.embedded.tomcat.TomcatWebServer  : Tomcat started on port(s): 8080 (http) with context path ''
2018-07-30 10:49:43.812  INFO 1584 --- [restartedMain] com.adcat.monitor.CatBackendApplication  : Started CatBackendApplication in 4.683 seconds (JVM running for 5.965)
2018-07-30 10:50:18.814  INFO 1584 --- [http-nio-8080-exec-1] o.a.c.c.C.[Tomcat].[localhost].[/]       : Initializing Spring FrameworkServlet 'dispatcherServlet'
2018-07-30 10:50:18.814  INFO 1584 --- [http-nio-8080-exec-1] o.s.web.servlet.DispatcherServlet        : FrameworkServlet 'dispatcherServlet': initialization started
2018-07-30 10:50:18.833  INFO 1584 --- [http-nio-8080-exec-1] o.s.web.servlet.DispatcherServlet        : FrameworkServlet 'dispatcherServlet': initialization completed in 19 ms
2018-07-30 10:50:27.417  INFO 1584 --- [http-nio-8080-exec-8] com.adcat.monitor.aspect.WebLogAspect    : URL : http://localhost:8080/banner
2018-07-30 10:50:27.417  INFO 1584 --- [http-nio-8080-exec-8] com.adcat.monitor.aspect.WebLogAspect    : HTTP_METHOD : GET
2018-07-30 10:50:27.418  INFO 1584 --- [http-nio-8080-exec-8] com.adcat.monitor.aspect.WebLogAspect    : IP : 127.0.0.1
2018-07-30 10:50:27.418  INFO 1584 --- [http-nio-8080-exec-8] com.adcat.monitor.aspect.WebLogAspect    : CLASS_METHOD : com.adcat.monitor.web.BannerController.getBanner
2018-07-30 10:50:27.418  INFO 1584 --- [http-nio-8080-exec-8] com.adcat.monitor.aspect.WebLogAspect    : ARGS : []
2018-07-30 10:50:27.440  INFO 1584 --- [http-nio-8080-exec-8] com.zaxxer.hikari.HikariDataSource       : HikariPool-1 - Starting...
2018-07-30 10:50:27.817  INFO 1584 --- [http-nio-8080-exec-8] com.zaxxer.hikari.HikariDataSource       : HikariPool-1 - Start completed.
2018-07-30 10:50:27.855  INFO 1584 --- [http-nio-8080-exec-8] com.adcat.monitor.aspect.WebLogAspect    : RESPONSE : com.adcat.monitor.domain.Banner@373cbf78
2018-07-30 10:50:27.855  INFO 1584 --- [http-nio-8080-exec-8] com.adcat.monitor.aspect.WebLogAspect    : SPEND TIME : 439 ms
2018-07-30 10:51:04.635  INFO 1584 --- [http-nio-8080-exec-9] com.adcat.monitor.aspect.WebLogAspect    : URL : http://localhost:8080/v1/user/3
2018-07-30 10:51:04.636  INFO 1584 --- [http-nio-8080-exec-9] com.adcat.monitor.aspect.WebLogAspect    : HTTP_METHOD : GET
2018-07-30 10:51:04.636  INFO 1584 --- [http-nio-8080-exec-9] com.adcat.monitor.aspect.WebLogAspect    : IP : 127.0.0.1
2018-07-30 10:51:04.636  INFO 1584 --- [http-nio-8080-exec-9] com.adcat.monitor.aspect.WebLogAspect    : CLASS_METHOD : com.adcat.monitor.web.UserController.getUser
2018-07-30 10:51:04.636  INFO 1584 --- [http-nio-8080-exec-9] com.adcat.monitor.aspect.WebLogAspect    : ARGS : [3]
2018-07-30 10:51:04.697  INFO 1584 --- [http-nio-8080-exec-9] com.adcat.monitor.aspect.WebLogAspect    : RESPONSE : com.adcat.monitor.domain.User@e35552
2018-07-30 10:51:04.698  INFO 1584 --- [http-nio-8080-exec-9] com.adcat.monitor.aspect.WebLogAspect    : SPEND TIME : 64 ms
